2021-04-09 07:26:47 INFO  co.com.sofka.stepdefinitions.Hooks[1]:63 - Opening website http://automationpractice.com/index.php
2021-04-09 07:26:48 INFO  co.com.sofka.stepdefinitions.Hooks[1]:75 - Browser closed!
2021-04-09 07:27:37 INFO  co.com.sofka.stepdefinitions.Hooks[1]:63 - Opening website http://automationpractice.com/index.php
2021-04-09 07:27:38 INFO  co.com.sofka.stepdefinitions.Hooks[1]:75 - Browser closed!
2021-04-09 07:28:38 INFO  co.com.sofka.stepdefinitions.Hooks[1]:63 - Opening website http://automationpractice.com/index.php
2021-04-09 07:28:38 INFO  co.com.sofka.stepdefinitions.Hooks[1]:75 - Browser closed!
2021-04-09 07:31:05 INFO  co.com.sofka.stepdefinitions.Hooks[1]:61 - Opening website http://automationpractice.com/index.php
2021-04-09 07:38:53 INFO  co.com.sofka.stepdefinitions.Hooks[1]:62 - Opening website http://automationpractice.com/index.php
2021-04-09 07:46:35 INFO  co.com.sofka.stepdefinitions.Hooks[1]:62 - Opening website http://automationpractice.com/index.php
2021-04-09 11:43:03 INFO  co.com.sofka.stepdefinitions.Hooks[1]:62 - Opening website http://automationpractice.com/index.php
2021-04-09 11:49:26 INFO  co.com.sofka.stepdefinitions.Hooks[1]:62 - Opening website http://automationpractice.com/index.php
2021-04-09 12:31:15 INFO  co.com.sofka.stepdefinitions.Hooks[1]:62 - Opening website http://automationpractice.com/index.php
2021-04-09 12:35:18 INFO  co.com.sofka.stepdefinitions.Hooks[1]:62 - Opening website http://automationpractice.com/index.php
2021-04-09 12:40:27 INFO  co.com.sofka.stepdefinitions.Hooks[1]:62 - Opening website http://automationpractice.com/index.php
2021-04-09 13:03:55 INFO  co.com.sofka.stepdefinitions.Hooks[1]:62 - Opening website http://automationpractice.com/index.php
2021-04-09 13:04:03 INFO  co.com.sofka.stepdefinitions.Hooks[1]:62 - Opening website http://automationpractice.com/index.php
2021-04-09 13:04:08 INFO  co.com.sofka.stepdefinitions.Hooks[1]:62 - Opening website http://automationpractice.com/index.php
2021-04-09 13:04:13 INFO  co.com.sofka.stepdefinitions.Hooks[1]:62 - Opening website http://automationpractice.com/index.php
2021-04-09 13:05:36 INFO  co.com.sofka.stepdefinitions.Hooks[1]:62 - Opening website http://automationpractice.com/index.php
2021-04-09 13:05:43 INFO  co.com.sofka.stepdefinitions.Hooks[1]:62 - Opening website http://automationpractice.com/index.php
2021-04-09 13:05:48 INFO  co.com.sofka.stepdefinitions.Hooks[1]:62 - Opening website http://automationpractice.com/index.php
2021-04-09 13:18:33 INFO  co.com.sofka.stepdefinitions.Hooks[1]:60 - Opening website http://automationpractice.com/index.php
2021-04-09 13:18:35 INFO  MainLogin[1]:14 - standard_user
2021-04-09 13:18:35 ERROR MainLogin[1]:15 - standard_user
2021-04-09 13:18:40 INFO  co.com.sofka.stepdefinitions.Hooks[1]:60 - Opening website http://automationpractice.com/index.php
2021-04-09 13:18:45 INFO  co.com.sofka.stepdefinitions.Hooks[1]:60 - Opening website http://automationpractice.com/index.php
2021-04-09 15:31:50 INFO  co.com.sofka.stepdefinitions.Hooks[1]:60 - Opening website http://automationpractice.com/index.php
2021-04-09 15:31:53 INFO  co.com.sofka.stepdefinitions.Hooks[1]:60 - Opening website http://automationpractice.com/index.php
2021-04-09 15:31:55 INFO  co.com.sofka.stepdefinitions.Hooks[1]:60 - Opening website http://automationpractice.com/index.php
2021-04-09 15:31:57 INFO  co.com.sofka.stepdefinitions.Hooks[1]:60 - Opening website http://automationpractice.com/index.php
2021-04-09 15:36:06 INFO  co.com.sofka.stepdefinitions.Hooks[1]:60 - Opening website http://automationpractice.com/index.php
2021-04-09 15:50:16 INFO  co.com.sofka.stepdefinitions.Hooks[1]:59 - Opening website https://www.saucedemo.com/
2021-04-09 15:50:18 INFO  co.com.sofka.stepdefinitions.Hooks[1]:71 - Browser closed!
2021-04-09 15:57:01 INFO  co.com.sofka.stepdefinitions.Hooks[1]:59 - Opening website https://www.saucedemo.com/
2021-04-09 15:57:02 INFO  co.com.sofka.stepdefinitions.Hooks[1]:71 - Browser closed!
2021-04-09 15:57:50 INFO  co.com.sofka.stepdefinitions.Hooks[1]:59 - Opening website https://www.saucedemo.com/
2021-04-09 15:58:16 INFO  co.com.sofka.stepdefinitions.Hooks[1]:59 - Opening website https://www.saucedemo.com/
2021-04-09 16:00:25 INFO  co.com.sofka.stepdefinitions.Hooks[1]:59 - Opening website https://www.saucedemo.com/
2021-04-09 16:16:38 INFO  co.com.sofka.stepdefinitions.Hooks[1]:59 - Opening website https://www.saucedemo.com/
2021-04-09 16:26:14 INFO  co.com.sofka.stepdefinitions.Hooks[1]:59 - Opening website https://www.saucedemo.com/
2021-04-09 16:34:52 INFO  co.com.sofka.stepdefinitions.Hooks[1]:59 - Opening website https://www.saucedemo.com/
2021-04-09 16:42:45 INFO  co.com.sofka.stepdefinitions.Hooks[1]:59 - Opening website https://www.saucedemo.com/
2021-04-09 16:57:06 INFO  co.com.sofka.stepdefinitions.Hooks[1]:59 - Opening website https://www.saucedemo.com/
2021-04-09 17:02:28 INFO  co.com.sofka.stepdefinitions.Hooks[1]:59 - Opening website https://www.saucedemo.com/
2021-04-09 17:42:24 INFO  co.com.sofka.stepdefinitions.Hooks[1]:59 - Opening website https://www.saucedemo.com/
2021-04-09 17:44:04 INFO  co.com.sofka.stepdefinitions.Hooks[1]:59 - Opening website https://www.saucedemo.com/
2021-04-09 17:46:22 INFO  co.com.sofka.stepdefinitions.Hooks[1]:59 - Opening website https://www.saucedemo.com/
2021-04-09 17:46:24 INFO  co.com.sofka.stepdefinitions.Hooks[1]:59 - Opening website https://www.saucedemo.com/
2021-04-09 17:46:26 INFO  co.com.sofka.stepdefinitions.Hooks[1]:59 - Opening website https://www.saucedemo.com/
2021-04-09 17:46:28 INFO  co.com.sofka.stepdefinitions.Hooks[1]:59 - Opening website https://www.saucedemo.com/
2021-04-09 18:02:42 INFO  co.com.sofka.stepdefinitions.Hooks[1]:59 - Opening website https://www.saucedemo.com/
2021-04-09 18:02:44 INFO  co.com.sofka.stepdefinitions.Hooks[1]:59 - Opening website https://www.saucedemo.com/
2021-04-09 18:02:46 INFO  co.com.sofka.stepdefinitions.Hooks[1]:59 - Opening website https://www.saucedemo.com/
2021-04-09 18:02:48 INFO  co.com.sofka.stepdefinitions.Hooks[1]:59 - Opening website https://www.saucedemo.com/
2021-04-09 18:04:02 INFO  co.com.sofka.stepdefinitions.Hooks[1]:59 - Opening website https://www.saucedemo.com/
2021-04-09 18:12:40 INFO  co.com.sofka.stepdefinitions.Hooks[1]:59 - Opening website https://www.saucedemo.com/
2021-04-09 18:18:34 INFO  co.com.sofka.stepdefinitions.Hooks[1]:59 - Opening website https://www.saucedemo.com/
2021-04-09 18:21:48 INFO  co.com.sofka.stepdefinitions.Hooks[1]:59 - Opening website https://www.saucedemo.com/
2021-04-09 18:29:43 INFO  co.com.sofka.stepdefinitions.Hooks[1]:59 - Opening website https://www.saucedemo.com/
2021-04-09 20:07:39 INFO  co.com.sofka.stepdefinitions.Hooks[1]:59 - Opening website https://www.saucedemo.com/
2021-04-09 20:29:34 INFO  co.com.sofka.stepdefinitions.Hooks[1]:59 - Opening website https://www.saucedemo.com/
2021-04-09 21:05:29 INFO  co.com.sofka.stepdefinitions.Hooks[1]:59 - Opening website https://www.saucedemo.com/
2021-04-09 21:05:53 INFO  co.com.sofka.stepdefinitions.Hooks[1]:59 - Opening website https://www.saucedemo.com/
2021-04-09 21:06:00 INFO  co.com.sofka.stepdefinitions.Hooks[1]:59 - Opening website https://www.saucedemo.com/
2021-04-09 21:06:07 INFO  co.com.sofka.stepdefinitions.Hooks[1]:59 - Opening website https://www.saucedemo.com/
2021-04-09 21:06:14 INFO  co.com.sofka.stepdefinitions.Hooks[1]:59 - Opening website https://www.saucedemo.com/
2021-04-09 21:08:58 INFO  co.com.sofka.stepdefinitions.Hooks[1]:59 - Opening website https://www.saucedemo.com/
2021-04-09 21:22:56 INFO  co.com.sofka.stepdefinitions.Hooks[1]:59 - Opening website https://www.saucedemo.com/
2021-04-09 21:58:38 INFO  co.com.sofka.stepdefinitions.Hooks[1]:59 - Opening website https://www.saucedemo.com/
2021-04-09 21:58:44 INFO  co.com.sofka.stepdefinitions.Hooks[1]:59 - Opening website https://www.saucedemo.com/
2021-04-09 22:23:24 INFO  co.com.sofka.stepdefinitions.Hooks[1]:59 - Opening website https://www.saucedemo.com/
2021-04-09 22:23:28 INFO  co.com.sofka.stepdefinitions.Hooks[1]:59 - Opening website https://www.saucedemo.com/
2021-04-09 22:23:30 INFO  co.com.sofka.stepdefinitions.Hooks[1]:59 - Opening website https://www.saucedemo.com/
2021-04-09 22:24:34 INFO  co.com.sofka.stepdefinitions.Hooks[1]:59 - Opening website https://www.saucedemo.com/
2021-04-09 22:24:38 INFO  co.com.sofka.stepdefinitions.Hooks[1]:59 - Opening website https://www.saucedemo.com/
2021-04-09 22:28:42 INFO  co.com.sofka.stepdefinitions.Hooks[1]:59 - Opening website https://www.saucedemo.com/
2021-04-09 22:28:46 INFO  co.com.sofka.stepdefinitions.Hooks[1]:59 - Opening website https://www.saucedemo.com/
2021-04-09 22:30:03 INFO  co.com.sofka.stepdefinitions.Hooks[1]:59 - Opening website https://www.saucedemo.com/
2021-04-09 22:30:07 INFO  co.com.sofka.stepdefinitions.Hooks[1]:59 - Opening website https://www.saucedemo.com/
2021-04-09 22:32:31 INFO  co.com.sofka.stepdefinitions.Hooks[1]:59 - Opening website https://www.saucedemo.com/
2021-04-09 22:32:35 INFO  co.com.sofka.stepdefinitions.Hooks[1]:59 - Opening website https://www.saucedemo.com/
2021-04-09 22:32:38 INFO  co.com.sofka.stepdefinitions.Hooks[1]:59 - Opening website https://www.saucedemo.com/
2021-04-09 22:34:14 INFO  co.com.sofka.stepdefinitions.Hooks[1]:59 - Opening website https://www.saucedemo.com/
2021-04-09 22:34:18 INFO  co.com.sofka.stepdefinitions.Hooks[1]:59 - Opening website https://www.saucedemo.com/
2021-04-09 22:35:20 INFO  co.com.sofka.stepdefinitions.Hooks[1]:59 - Opening website https://www.saucedemo.com/
2021-04-09 22:35:24 INFO  co.com.sofka.stepdefinitions.Hooks[1]:59 - Opening website https://www.saucedemo.com/
2021-04-09 22:35:30 INFO  co.com.sofka.stepdefinitions.Hooks[1]:59 - Opening website https://www.saucedemo.com/
2021-04-09 22:36:24 INFO  co.com.sofka.stepdefinitions.Hooks[1]:59 - Opening website https://www.saucedemo.com/
2021-04-09 22:36:28 INFO  co.com.sofka.stepdefinitions.Hooks[1]:59 - Opening website https://www.saucedemo.com/
2021-04-09 22:36:31 INFO  co.com.sofka.stepdefinitions.Hooks[1]:59 - Opening website https://www.saucedemo.com/
2021-04-09 22:37:14 INFO  co.com.sofka.stepdefinitions.Hooks[1]:59 - Opening website https://www.saucedemo.com/
2021-04-09 22:37:18 INFO  co.com.sofka.stepdefinitions.Hooks[1]:59 - Opening website https://www.saucedemo.com/
2021-04-09 22:37:21 INFO  co.com.sofka.stepdefinitions.Hooks[1]:59 - Opening website https://www.saucedemo.com/
2021-04-09 22:39:08 INFO  co.com.sofka.stepdefinitions.Hooks[1]:59 - Opening website https://www.saucedemo.com/
2021-04-09 22:39:12 INFO  co.com.sofka.stepdefinitions.Hooks[1]:59 - Opening website https://www.saucedemo.com/
2021-04-09 22:39:16 INFO  co.com.sofka.stepdefinitions.Hooks[1]:59 - Opening website https://www.saucedemo.com/
2021-04-09 22:44:02 INFO  co.com.sofka.stepdefinitions.Hooks[1]:59 - Opening website https://www.saucedemo.com/
2021-04-09 22:44:06 INFO  co.com.sofka.stepdefinitions.Hooks[1]:59 - Opening website https://www.saucedemo.com/
2021-04-09 22:44:10 INFO  co.com.sofka.stepdefinitions.Hooks[1]:59 - Opening website https://www.saucedemo.com/
2021-04-09 22:48:57 INFO  co.com.sofka.stepdefinitions.Hooks[1]:59 - Opening website https://www.saucedemo.com/
2021-04-09 22:49:01 INFO  co.com.sofka.stepdefinitions.Hooks[1]:59 - Opening website https://www.saucedemo.com/
2021-04-09 22:49:04 INFO  co.com.sofka.stepdefinitions.Hooks[1]:59 - Opening website https://www.saucedemo.com/
2021-04-09 22:51:02 INFO  co.com.sofka.stepdefinitions.Hooks[1]:59 - Opening website https://www.saucedemo.com/
2021-04-09 22:51:06 INFO  co.com.sofka.stepdefinitions.Hooks[1]:59 - Opening website https://www.saucedemo.com/
2021-04-09 22:51:09 INFO  co.com.sofka.stepdefinitions.Hooks[1]:59 - Opening website https://www.saucedemo.com/
2021-04-09 22:55:48 INFO  co.com.sofka.stepdefinitions.Hooks[1]:59 - Opening website https://www.saucedemo.com/
2021-04-09 22:55:52 INFO  co.com.sofka.stepdefinitions.Hooks[1]:59 - Opening website https://www.saucedemo.com/
2021-04-09 22:55:55 INFO  co.com.sofka.stepdefinitions.Hooks[1]:59 - Opening website https://www.saucedemo.com/
2021-04-09 23:00:24 INFO  co.com.sofka.stepdefinitions.Hooks[1]:59 - Opening website https://www.saucedemo.com/
2021-04-09 23:00:29 INFO  co.com.sofka.stepdefinitions.Hooks[1]:59 - Opening website https://www.saucedemo.com/
2021-04-09 23:00:32 INFO  co.com.sofka.stepdefinitions.Hooks[1]:59 - Opening website https://www.saucedemo.com/
2021-04-09 23:05:08 INFO  co.com.sofka.stepdefinitions.Hooks[1]:59 - Opening website https://www.saucedemo.com/
2021-04-09 23:05:12 INFO  co.com.sofka.stepdefinitions.Hooks[1]:59 - Opening website https://www.saucedemo.com/
2021-04-09 23:05:15 INFO  co.com.sofka.stepdefinitions.Hooks[1]:59 - Opening website https://www.saucedemo.com/
2021-04-09 23:07:29 INFO  co.com.sofka.stepdefinitions.Hooks[1]:59 - Opening website https://www.saucedemo.com/
2021-04-09 23:07:33 INFO  co.com.sofka.stepdefinitions.Hooks[1]:59 - Opening website https://www.saucedemo.com/
2021-04-09 23:10:55 INFO  co.com.sofka.stepdefinitions.Hooks[1]:58 - Opening website https://www.saucedemo.com/
2021-04-09 23:10:58 INFO  co.com.sofka.stepdefinitions.Hooks[1]:70 - Browser closed!
2021-04-09 23:11:00 INFO  co.com.sofka.stepdefinitions.Hooks[1]:58 - Opening website https://www.saucedemo.com/
2021-04-09 23:11:02 INFO  co.com.sofka.stepdefinitions.Hooks[1]:70 - Browser closed!
